<?xml version="1.0" encoding="UTF-8"?>
<!-- Generated by org.testng.reporters.JUnitXMLReporter -->
<testsuite ignored="1" hostname="DESKTOP-8E6FMOL" failures="0" tests="5" name="Test" time="59.77" errors="0" timestamp="2023-03-10T16:46:27 IST">
  <testcase classname="com.saucedemo.TestPack.TC05DropDownfunctionality" name="dropdownselect" time="0.491"/>
  <testcase classname="com.saucedemo.TestPack.TC02AddtoCartproductfunctionality" name="addtocartproductfunctionality" time="0.413"/>
  <testcase classname="com.saucedemo.TestPack.TC04Logoutfunctionality" name="logoutfunctionality" time="0.306"/>
  <testcase classname="com.saucedemo.TestPack.TC03AddAllproductTocartfunctionality" name="allproductaddtocart" time="0.366"/>
  <testcase classname="com.saucedemo.TestPack.TC01LoginFunctionality" name="loginfunctionality" time="0.019"/>
  <testcase classname="com.saucedemo.TestPack.TC01LoginFunctionality" name="addtocartproductfunctionality" time="0.0">
    <ignored/>
  </testcase> <!-- addtocartproductfunctionality -->
</testsuite> <!-- Test -->
