<?xml version="1.0" encoding="UTF-8"?>
<testng-results ignored="1" total="6" passed="5" failed="0" skipped="0">
  <reporter-output>
  </reporter-output>
  <suite started-at="2023-03-10T16:45:27 IST" name="Suite" finished-at="2023-03-10T16:46:27 IST" duration-ms="59770">
    <groups>
    </groups>
    <test started-at="2023-03-10T16:45:27 IST" name="Test" finished-at="2023-03-10T16:46:27 IST" duration-ms="59770">
      <class name="com.saucedemo.TestPack.TC03AddAllproductTocartfunctionality">
        <test-method is-config="true" signature="setup(java.lang.String)[pri:0, instance:com.saucedemo.TestPack.TC03AddAllproductTocartfunctionality@4fb3ee4e]" started-at="2023-03-10T16:46:16 IST" name="setup" finished-at="2023-03-10T16:46:21 IST" duration-ms="4684" status="PASS">
          <params>
            <param index="0">
              <value>
                <![CDATA[chrome]]>
              </value>
            </param>
          </params>
          <reporter-output>
          </reporter-output>
        </test-method> <!-- setup -->
        <test-method signature="allproductaddtocart()[pri:0, instance:com.saucedemo.TestPack.TC03AddAllproductTocartfunctionality@4fb3ee4e]" started-at="2023-03-10T16:46:21 IST" name="allproductaddtocart" finished-at="2023-03-10T16:46:21 IST" duration-ms="366" status="PASS">
          <reporter-output>
          </reporter-output>
        </test-method> <!-- allproductaddtocart -->
        <test-method is-config="true" signature="teardown()[pri:0, instance:com.saucedemo.TestPack.TC03AddAllproductTocartfunctionality@4fb3ee4e]" started-at="2023-03-10T16:46:21 IST" name="teardown" finished-at="2023-03-10T16:46:21 IST" duration-ms="114" status="PASS">
          <reporter-output>
          </reporter-output>
        </test-method> <!-- teardown -->
      </class> <!-- com.saucedemo.TestPack.TC03AddAllproductTocartfunctionality -->
      <class name="com.saucedemo.TestPack.TC05DropDownfunctionality">
        <test-method is-config="true" signature="setup(java.lang.String)[pri:0, instance:com.saucedemo.TestPack.TC05DropDownfunctionality@6f46426d]" started-at="2023-03-10T16:45:27 IST" name="setup" finished-at="2023-03-10T16:46:06 IST" duration-ms="38952" status="PASS">
          <params>
            <param index="0">
              <value>
                <![CDATA[chrome]]>
              </value>
            </param>
          </params>
          <reporter-output>
          </reporter-output>
        </test-method> <!-- setup -->
        <test-method signature="dropdownselect()[pri:0, instance:com.saucedemo.TestPack.TC05DropDownfunctionality@6f46426d]" started-at="2023-03-10T16:46:06 IST" name="dropdownselect" finished-at="2023-03-10T16:46:07 IST" duration-ms="491" status="PASS">
          <reporter-output>
          </reporter-output>
        </test-method> <!-- dropdownselect -->
        <test-method is-config="true" signature="teardown()[pri:0, instance:com.saucedemo.TestPack.TC05DropDownfunctionality@6f46426d]" started-at="2023-03-10T16:46:07 IST" name="teardown" finished-at="2023-03-10T16:46:07 IST" duration-ms="185" status="PASS">
          <reporter-output>
          </reporter-output>
        </test-method> <!-- teardown -->
      </class> <!-- com.saucedemo.TestPack.TC05DropDownfunctionality -->
      <class name="com.saucedemo.TestPack.TC04Logoutfunctionality">
        <test-method is-config="true" signature="setup(java.lang.String)[pri:0, instance:com.saucedemo.TestPack.TC04Logoutfunctionality@f5acb9d]" started-at="2023-03-10T16:46:12 IST" name="setup" finished-at="2023-03-10T16:46:16 IST" duration-ms="3918" status="PASS">
          <params>
            <param index="0">
              <value>
                <![CDATA[chrome]]>
              </value>
            </param>
          </params>
          <reporter-output>
          </reporter-output>
        </test-method> <!-- setup -->
        <test-method signature="logoutfunctionality()[pri:0, instance:com.saucedemo.TestPack.TC04Logoutfunctionality@f5acb9d]" started-at="2023-03-10T16:46:16 IST" name="logoutfunctionality" finished-at="2023-03-10T16:46:16 IST" duration-ms="306" status="PASS">
          <reporter-output>
          </reporter-output>
        </test-method> <!-- logoutfunctionality -->
        <test-method is-config="true" signature="teardown()[pri:0, instance:com.saucedemo.TestPack.TC04Logoutfunctionality@f5acb9d]" started-at="2023-03-10T16:46:16 IST" name="teardown" finished-at="2023-03-10T16:46:16 IST" duration-ms="276" status="PASS">
          <reporter-output>
          </reporter-output>
        </test-method> <!-- teardown -->
      </class> <!-- com.saucedemo.TestPack.TC04Logoutfunctionality -->
      <class name="com.saucedemo.TestPack.TC02AddtoCartproductfunctionality">
        <test-method is-config="true" signature="setup(java.lang.String)[pri:0, instance:com.saucedemo.TestPack.TC02AddtoCartproductfunctionality@543588e6]" started-at="2023-03-10T16:46:07 IST" name="setup" finished-at="2023-03-10T16:46:11 IST" duration-ms="4086" status="PASS">
          <params>
            <param index="0">
              <value>
                <![CDATA[chrome]]>
              </value>
            </param>
          </params>
          <reporter-output>
          </reporter-output>
        </test-method> <!-- setup -->
        <test-method signature="addtocartproductfunctionality()[pri:0, instance:com.saucedemo.TestPack.TC02AddtoCartproductfunctionality@543588e6]" started-at="2023-03-10T16:46:11 IST" name="addtocartproductfunctionality" finished-at="2023-03-10T16:46:11 IST" duration-ms="413" status="PASS">
          <reporter-output>
          </reporter-output>
        </test-method> <!-- addtocartproductfunctionality -->
        <test-method is-config="true" signature="teardown()[pri:0, instance:com.saucedemo.TestPack.TC02AddtoCartproductfunctionality@543588e6]" started-at="2023-03-10T16:46:11 IST" name="teardown" finished-at="2023-03-10T16:46:12 IST" duration-ms="337" status="PASS">
          <reporter-output>
          </reporter-output>
        </test-method> <!-- teardown -->
      </class> <!-- com.saucedemo.TestPack.TC02AddtoCartproductfunctionality -->
      <class name="com.saucedemo.TestPack.TC01LoginFunctionality">
        <test-method is-config="true" signature="setup(java.lang.String)[pri:0, instance:com.saucedemo.TestPack.TC01LoginFunctionality@5d7148e2]" started-at="2023-03-10T16:46:21 IST" name="setup" finished-at="2023-03-10T16:46:27 IST" duration-ms="5456" status="PASS">
          <params>
            <param index="0">
              <value>
                <![CDATA[chrome]]>
              </value>
            </param>
          </params>
          <reporter-output>
          </reporter-output>
        </test-method> <!-- setup -->
        <test-method signature="loginfunctionality()[pri:0, instance:com.saucedemo.TestPack.TC01LoginFunctionality@5d7148e2]" started-at="2023-03-10T16:46:27 IST" name="loginfunctionality" finished-at="2023-03-10T16:46:27 IST" duration-ms="19" status="PASS">
          <reporter-output>
          </reporter-output>
        </test-method> <!-- loginfunctionality -->
        <test-method is-config="true" signature="teardown()[pri:0, instance:com.saucedemo.TestPack.TC01LoginFunctionality@5d7148e2]" started-at="2023-03-10T16:46:27 IST" name="teardown" finished-at="2023-03-10T16:46:27 IST" duration-ms="126" status="PASS">
          <reporter-output>
          </reporter-output>
        </test-method> <!-- teardown -->
      </class> <!-- com.saucedemo.TestPack.TC01LoginFunctionality -->
    </test> <!-- Test -->
  </suite> <!-- Suite -->
</testng-results>
